C51 COMPILER V9.60.7.0   MAIN                                                              04/24/2026 17:32:37 PAGE 1   


C51 COMPILER V9.60.7.0, COMPILATION OF MODULE MAIN
OBJECT MODULE PLACED IN .\Objects\main.obj
COMPILER INVOKED BY: E:\Keil_v5_C51\C51\BIN\C51.EXE main.c OPTIMIZE(8,SPEED) BROWSE DEBUG OBJECTEXTEND PRINT(.\Listings\
                    -main.lst) TABS(2) OBJECT(.\Objects\main.obj)

line level    source

   1          #include <regx52.h>
   2          
   3          void main()
   4          {
   5   1          // P2_4 = 0;//这是从右往左数第四个数码管 
   6   1          // P2_3 = 1;
   7   1          // P2_2 = 1;
   8   1          P2_4 = 1;//这是从右往左数第7个数码管 
   9   1          P2_3 = 1;
  10   1        P2_2 = 0;
  11   1        
  12   1      
  13   1          P0 = 0x49;
  14   1          while (1)
  15   1          {
  16   2              
  17   2          }
  18   1      }


MODULE INFORMATION:   STATIC OVERLAYABLE
   CODE SIZE        =     11    ----
   CONSTANT SIZE    =   ----    ----
   XDATA SIZE       =   ----    ----
   PDATA SIZE       =   ----    ----
   DATA SIZE        =   ----    ----
   IDATA SIZE       =   ----    ----
   BIT SIZE         =   ----    ----
END OF MODULE INFORMATION.


C51 COMPILATION COMPLETE.  0 WARNING(S),  0 ERROR(S)
