C51 COMPILER V9.60.7.0   MAIN                                                              04/24/2026 16:35:14 PAGE 1   


C51 COMPILER V9.60.7.0, COMPILATION OF MODULE MAIN
OBJECT MODULE PLACED IN .\Objects\main.obj
COMPILER INVOKED BY: E:\Keil_v5_C51\C51\BIN\C51.EXE main.c OPTIMIZE(8,SPEED) BROWSE DEBUG OBJECTEXTEND PRINT(.\Listings\
                    -main.lst) TABS(2) OBJECT(.\Objects\main.obj)

line level    source

   1          #include <regx52.h>
   2          
   3          void Delay1ms(unsigned int xms);
   4          unsigned char LEDNum;
   5          void main()
   6          {
   7   1          P2 = 0xFE;
   8   1          
   9   1          while (1)
  10   1          {
  11   2              if (P3_1 == 0)
  12   2              {
  13   3                  Delay1ms(20);
  14   3                  while (P3_1 == 0);
  15   3                  Delay1ms(20);
  16   3      
  17   3                  LEDNum++;
  18   3                  if (LEDNum >= 8)
  19   3                  {
  20   4                      LEDNum = 0;
  21   4                  }
  22   3                  P2 = ~(0x01 << LEDNum);
  23   3              }
  24   2              if (P3_0 == 0)
  25   2              {
  26   3                  Delay1ms(20);
  27   3                  while (P3_0 == 0);
  28   3                  Delay1ms(20);
  29   3      
  30   3                  if (LEDNum == 0)
  31   3                      LEDNum = 7;
  32   3                  else
  33   3                      LEDNum--;
  34   3                  P2 = ~(0x01 << LEDNum);
  35   3              }
  36   2          }
  37   1      }
  38          
  39          void Delay1ms(unsigned int xms)   //@12.000MHz
  40          {
  41   1        unsigned char i, j;
  42   1          while (xms)
  43   1          {
  44   2              i = 2;
  45   2              j = 239;
  46   2              do
  47   2              {
  48   3                  while (--j);
  49   3              } while (--i);
  50   2              xms--;
  51   2          }
  52   1          
  53   1      }

C51 COMPILER V9.60.7.0   MAIN                                                              04/24/2026 16:35:14 PAGE 2   


MODULE INFORMATION:   STATIC OVERLAYABLE
   CODE SIZE        =    108    ----
   CONSTANT SIZE    =   ----    ----
   XDATA SIZE       =   ----    ----
   PDATA SIZE       =   ----    ----
   DATA SIZE        =      1    ----
   IDATA SIZE       =   ----    ----
   BIT SIZE         =   ----    ----
END OF MODULE INFORMATION.


C51 COMPILATION COMPLETE.  0 WARNING(S),  0 ERROR(S)
