<<<<<<< HEAD
C51 COMPILER V9.60.7.0   MAIN                                                              04/24/2026 10:37:37 PAGE 1   
=======
C51 COMPILER V9.60.7.0   MAIN                                                              04/24/2026 10:11:23 PAGE 1   
>>>>>>> 4a2fe2c682172c6325d19aa19db980a4a3e5bd8b


C51 COMPILER V9.60.7.0, COMPILATION OF MODULE MAIN
OBJECT MODULE PLACED IN .\Objects\main.obj
COMPILER INVOKED BY: E:\Keil_v5_C51\C51\BIN\C51.EXE main.c OPTIMIZE(8,SPEED) BROWSE DEBUG OBJECTEXTEND PRINT(.\Listings\
                    -main.lst) TABS(2) OBJECT(.\Objects\main.obj)

line level    source

   1          #include <regx52.h>
   2          
<<<<<<< HEAD
   3          void main()
   4          {
   5   1          while (1)
   6   1          {
   7   2              if ((P3_1 == 0)&&(P3_0==0))
   8   2              {
   9   3                  P2_0 = 0;
  10   3              }
  11   2              else
  12   2              {
  13   3                  P2_0 = 1;//led off
  14   3              }
  15   2          }
  16   1          
  17   1      }


MODULE INFORMATION:   STATIC OVERLAYABLE
   CODE SIZE        =     14    ----
=======
   3          void Delay1ms(unsigned int xms)   //@12.000MHz
   4          {
   5   1        unsigned char i, j;
   6   1          while (xms)
   7   1          {
   8   2              i = 2;
   9   2              j = 239;
  10   2              do
  11   2              {
  12   3                  while (--j);
  13   3              } while (--i);
  14   2              xms--;
  15   2          }
  16   1          
  17   1      }
  18          void main()
  19          {
  20   1          int i = 0;
  21   1          while (1)
  22   1          {
  23   2              if (i <= 7)
  24   2              {
  25   3                  if (P3_1 == 0)
  26   3                  {
  27   4                       P2 &= ~(1 << i);
  28   4                  }
  29   3                  else
  30   3                  {
  31   4                      P2 |= ~(1 << i);//led off
  32   4                      i=i+1; 
  33   4              Delay1ms(1000);
  34   4                  }
  35   3                 
  36   3                  
  37   3              }
  38   2              else
  39   2              {
  40   3                  i = 0;
  41   3              }
  42   2              
  43   2          }
  44   1          
  45   1      }


MODULE INFORMATION:   STATIC OVERLAYABLE
   CODE SIZE        =     90    ----
>>>>>>> 4a2fe2c682172c6325d19aa19db980a4a3e5bd8b
   CONSTANT SIZE    =   ----    ----
   XDATA SIZE       =   ----    ----
   PDATA SIZE       =   ----    ----
   DATA SIZE        =   ----    ----
   IDATA SIZE       =   ----    ----
<<<<<<< HEAD
=======
C51 COMPILER V9.60.7.0   MAIN                                                              04/24/2026 10:11:23 PAGE 2   

>>>>>>> 4a2fe2c682172c6325d19aa19db980a4a3e5bd8b
   BIT SIZE         =   ----    ----
END OF MODULE INFORMATION.


C51 COMPILATION COMPLETE.  0 WARNING(S),  0 ERROR(S)
