C51 COMPILER V9.60.7.0   MIAN                                                              04/25/2026 14:06:40 PAGE 1   


C51 COMPILER V9.60.7.0, COMPILATION OF MODULE MIAN
OBJECT MODULE PLACED IN .\Objects\mian.obj
COMPILER INVOKED BY: E:\Keil_v5_C51\C51\BIN\C51.EXE mian.c OPTIMIZE(8,SPEED) BROWSE DEBUG OBJECTEXTEND PRINT(.\Listings\
                    -mian.lst) TABS(2) OBJECT(.\Objects\mian.obj)

line level    source

   1          #include <regx52.h>
   2          #include "LCD1602.h"
   3          #include "delay.h"
   4          
   5          int Result=0;
   6          void main()
   7          {
   8   1          LCD_Init();
   9   1          
  10   1          while (1)
  11   1          {
  12   2              if (Result==15)
  13   2              {
  14   3                  Result = 0;
  15   3              }
  16   2              
  17   2              LCD_ShowSignedNum(1, 1, Result, 3);
  18   2              Result++;
  19   2              Delay(900);
  20   2          }
  21   1      }


MODULE INFORMATION:   STATIC OVERLAYABLE
   CODE SIZE        =     46    ----
   CONSTANT SIZE    =   ----    ----
   XDATA SIZE       =   ----    ----
   PDATA SIZE       =   ----    ----
   DATA SIZE        =      2    ----
   IDATA SIZE       =   ----    ----
   BIT SIZE         =   ----    ----
END OF MODULE INFORMATION.


C51 COMPILATION COMPLETE.  0 WARNING(S),  0 ERROR(S)
