C51 COMPILER V9.60.7.0   MAIN                                                              04/25/2026 10:41:50 PAGE 1   


C51 COMPILER V9.60.7.0, COMPILATION OF MODULE MAIN
OBJECT MODULE PLACED IN .\Objects\main.obj
COMPILER INVOKED BY: E:\Keil_v5_C51\C51\BIN\C51.EXE main.c OPTIMIZE(8,SPEED) BROWSE DEBUG OBJECTEXTEND PRINT(.\Listings\
                    -main.lst) TABS(2) OBJECT(.\Objects\main.obj)

line level    source

   1          #include <regx52.h>
   2          #include "Delay.h"
   3          #include "Nixie.h"
   4          
   5          void main()
   6          {
   7   1          while (1)
   8   1          {
   9   2              // Delay(500);
  10   2              // P2 = 0xfe;
  11   2              // Delay(700);
  12   2              // P2 = 0xff;
  13   2              Nixie(1, 1);
  14   2              Delay(1);
  15   2              Nixie(2, 2);
  16   2              Delay(1);
  17   2              Nixie(3, 3);
  18   2              Delay(1);
  19   2              Nixie(4, 4);
  20   2              Delay(1);
  21   2              Nixie(5, 5);
  22   2              Delay(1);
  23   2              Nixie(6, 6);
  24   2              Delay(1);
  25   2              Nixie(7, 7);
  26   2              Delay(1);
  27   2              Nixie(8, 8);
  28   2              Delay(1);
  29   2          }
  30   1      }


MODULE INFORMATION:   STATIC OVERLAYABLE
   CODE SIZE        =    131    ----
   CONSTANT SIZE    =   ----    ----
   XDATA SIZE       =   ----    ----
   PDATA SIZE       =   ----    ----
   DATA SIZE        =   ----    ----
   IDATA SIZE       =   ----    ----
   BIT SIZE         =   ----    ----
END OF MODULE INFORMATION.


C51 COMPILATION COMPLETE.  0 WARNING(S),  0 ERROR(S)
