C51 COMPILER V9.60.7.0   MAIN                                                              04/23/2026 15:58:52 PAGE 1   


C51 COMPILER V9.60.7.0, COMPILATION OF MODULE MAIN
OBJECT MODULE PLACED IN .\Objects\main.obj
COMPILER INVOKED BY: E:\Keil_v5_C51\C51\BIN\C51.EXE main.c OPTIMIZE(8,SPEED) BROWSE DEBUG OBJECTEXTEND PRINT(.\Listings\
                    -main.lst) TABS(2) OBJECT(.\Objects\main.obj)

line level    source

   1          #include <REGX52.H>
   2          #include <intrins.h>
   3          
   4          void Delay500ms()   //@12.000MHz
   5          {
   6   1        unsigned char i, j, k;
   7   1      
   8   1        _nop_();
   9   1        i = 4;
  10   1        j = 205;
  11   1        k = 187;
  12   1        do
  13   1        {
  14   2          do
  15   2          {
  16   3            while (--k);
  17   3          } while (--j);
  18   2        } while (--i);
  19   1      }
  20          
  21          
  22          void main()
  23          {
  24   1         
  25   1          while (1)
  26   1          {
  27   2              /*
  28   2              1111 1110
  29   2              1111 1101
  30   2              1111 1011
  31   2              1111 0111
  32   2              1110 1111
  33   2              1101 1111
  34   2              1011 1111
  35   2              0111 1111
  36   2      转化成十六进制为：
  37   2              0xFE、0xFD、0xFB、0xF7、0xEF、0xDF、0xBF、0x7F 
  38   2              */
  39   2              P2 = 0xFE;
  40   2              Delay500ms();
  41   2              P2 = 0xFD;
  42   2              Delay500ms();
  43   2              P2 = 0xFB;
  44   2              Delay500ms();
  45   2              P2 = 0xF7;
  46   2              Delay500ms();
  47   2              P2 = 0xEF;
  48   2              Delay500ms();
  49   2              P2 = 0xDF;
  50   2              Delay500ms();
  51   2              P2 = 0xBF;
  52   2              Delay500ms();
  53   2              P2 = 0xF7F;
  54   2              Delay500ms();
C51 COMPILER V9.60.7.0   MAIN                                                              04/23/2026 15:58:52 PAGE 2   

  55   2          }
  56   1      }


MODULE INFORMATION:   STATIC OVERLAYABLE
   CODE SIZE        =     64    ----
   CONSTANT SIZE    =   ----    ----
   XDATA SIZE       =   ----    ----
   PDATA SIZE       =   ----    ----
   DATA SIZE        =   ----    ----
   IDATA SIZE       =   ----    ----
   BIT SIZE         =   ----    ----
END OF MODULE INFORMATION.


C51 COMPILATION COMPLETE.  0 WARNING(S),  0 ERROR(S)
